<?xml version="1.0" encoding="UTF-8"?>
<testsuite name="itemsTest" tests="1" skipped="0" failures="0" errors="0" timestamp="2018-03-01T18:05:40" hostname="C02VJ46CHTD6" time="0.001">
  <properties/>
  <testcase name="test1" classname="itemsTest" time="0.001"/>
  <system-out><![CDATA[]]></system-out>
  <system-err><![CDATA[]]></system-err>
</testsuite>
