<?xml version="1.0" encoding="UTF-8"?>
<testsuite name="learningtests.itemsTest" tests="1" skipped="0" failures="0" errors="0" timestamp="2018-03-12T16:53:29" hostname="C02VJ46CHTD6" time="0.002">
  <properties/>
  <testcase name="test1" classname="learningtests.itemsTest" time="0.002"/>
  <system-out><![CDATA[]]></system-out>
  <system-err><![CDATA[]]></system-err>
</testsuite>
